<?xml version="1.0" encoding="UTF-8"?>
<!-- Generated by org.testng.reporters.JUnitXMLReporter -->
<testsuite ignored="0" hostname="DESKTOP-3OONJHS" failures="0" tests="3" name="Default test" time="5.44" errors="0" timestamp="2024-07-30T16:41:39 AST">
  <testcase classname="swagLabsJuly.SwagLabsJuly" name="loginTest" time="0.427"/>
  <testcase classname="swagLabsJuly.SwagLabsJuly" name="addToCartAllItems" time="2.636"/>
  <testcase classname="swagLabsJuly.SwagLabsJuly" name="removeAllItemsFromCart" time="1.386"/>
</testsuite> <!-- Default test -->
