<?xml version="1.0" encoding="UTF-8"?>
<testng-results ignored="0" total="3" passed="3" failed="0" skipped="0">
  <reporter-output>
  </reporter-output>
  <suite started-at="2024-07-30T16:41:34 AST" name="Default suite" finished-at="2024-07-30T16:41:39 AST" duration-ms="5440">
    <groups>
    </groups>
    <test started-at="2024-07-30T16:41:34 AST" name="Default test" finished-at="2024-07-30T16:41:39 AST" duration-ms="5440">
      <class name="swagLabsJuly.SwagLabsJuly">
        <test-method is-config="true" signature="setup()[pri:0, instance:swagLabsJuly.SwagLabsJuly@c7a975a]" started-at="2024-07-30T16:41:34 AST" name="setup" finished-at="2024-07-30T16:41:35 AST" duration-ms="901" status="PASS">
          <reporter-output>
          </reporter-output>
        </test-method> <!-- setup -->
        <test-method signature="loginTest()[pri:1, instance:swagLabsJuly.SwagLabsJuly@c7a975a]" started-at="2024-07-30T16:41:35 AST" name="loginTest" finished-at="2024-07-30T16:41:35 AST" duration-ms="427" status="PASS">
          <reporter-output>
          </reporter-output>
        </test-method> <!-- loginTest -->
        <test-method signature="addToCartAllItems()[pri:2, instance:swagLabsJuly.SwagLabsJuly@c7a975a]" started-at="2024-07-30T16:41:35 AST" name="addToCartAllItems" finished-at="2024-07-30T16:41:38 AST" duration-ms="2636" status="PASS">
          <reporter-output>
          </reporter-output>
        </test-method> <!-- addToCartAllItems -->
        <test-method signature="removeAllItemsFromCart()[pri:3, instance:swagLabsJuly.SwagLabsJuly@c7a975a]" started-at="2024-07-30T16:41:38 AST" name="removeAllItemsFromCart" finished-at="2024-07-30T16:41:39 AST" duration-ms="1386" status="PASS">
          <reporter-output>
          </reporter-output>
        </test-method> <!-- removeAllItemsFromCart -->
      </class> <!-- swagLabsJuly.SwagLabsJuly -->
    </test> <!-- Default test -->
  </suite> <!-- Default suite -->
</testng-results>
